<?xml version="1.0" encoding="UTF-8"?>
<!-- Generated by org.testng.reporters.JUnitReportReporter -->
<testsuite skipped="0" hostname="LAPTOP-R70E16ME" name="com.qa.testcases.items.Items_Page_Test" tests="5" failures="0" timestamp="31 Dec 2019 10:41:04 GMT" time="35.395" errors="0">
  <testcase name="Items_Page_TitleTest" time="5.396" classname="com.qa.testcases.items.Items_Page_Test"/>
  <testcase name="Stock_Category_Test" time="11.655" classname="com.qa.testcases.items.Items_Page_Test"/>
  <testcase name="Search_Now_Test" time="7.525" classname="com.qa.testcases.items.Items_Page_Test"/>
  <testcase name="info_message_test" time="5.426" classname="com.qa.testcases.items.Items_Page_Test"/>
  <testcase name="Click_On_Insert_New_Item_Page" time="5.393" classname="com.qa.testcases.items.Items_Page_Test"/>
</testsuite> <!-- com.qa.testcases.items.Items_Page_Test -->
