<?xml version="1.0" encoding="UTF-8"?>
<!-- Generated by org.testng.reporters.JUnitReportReporter -->
<testsuite skipped="0" hostname="LAPTOP-R70E16ME" name="com.qa.testcases.items.Insert_New_Item_Test" tests="3" failures="0" timestamp="31 Dec 2019 10:41:04 GMT" time="49.519" errors="0">
  <testcase name="Add_New_Item_Test" time="10.201" classname="com.qa.testcases.items.Insert_New_Item_Test"/>
  <testcase name="Add_New_Item_Test" time="33.851" classname="com.qa.testcases.items.Insert_New_Item_Test"/>
  <testcase name="Click_On_Add_Stock_Categories_Test" time="5.467" classname="com.qa.testcases.items.Insert_New_Item_Test"/>
</testsuite> <!-- com.qa.testcases.items.Insert_New_Item_Test -->
