<?xml version="1.0" encoding="UTF-8"?>
<!-- Generated by org.testng.reporters.JUnitReportReporter -->
<testsuite skipped="0" hostname="LAPTOP-R70E16ME" name="com.qa.testcases.Home_Page_Test" tests="2" failures="0" timestamp="31 Dec 2019 10:41:04 GMT" time="11.458" errors="0">
  <testcase name="validate_EProcBilling_Word" time="5.107" classname="com.qa.testcases.Home_Page_Test"/>
  <testcase name="Click_On_Items" time="6.351" classname="com.qa.testcases.Home_Page_Test"/>
</testsuite> <!-- com.qa.testcases.Home_Page_Test -->
