<?xml version="1.0" encoding="UTF-8"?>
<!-- Generated by org.testng.reporters.JUnitReportReporter -->
<testsuite skipped="0" hostname="LAPTOP-R70E16ME" name="com.qa.testcases.items.Add_Stock_Categories_Test" tests="3" failures="0" timestamp="31 Dec 2019 10:41:04 GMT" time="49.171" errors="0">
  <testcase name="Add_Stock_Categories_Title_Test" time="6.461" classname="com.qa.testcases.items.Add_Stock_Categories_Test"/>
  <testcase name="Table_Test" time="6.298" classname="com.qa.testcases.items.Add_Stock_Categories_Test"/>
  <testcase name="locate_Web_table_Test" time="36.412" classname="com.qa.testcases.items.Add_Stock_Categories_Test"/>
</testsuite> <!-- com.qa.testcases.items.Add_Stock_Categories_Test -->
